<?xml version="1.0" encoding="UTF-8"?>
<!-- Generated by org.testng.reporters.JUnitReportReporter -->
<testsuite name="com.restaurants.smoke.Tests" tests="2" time="18.114" ignored="0" failures="0" timestamp="04 Mar 2017 13:48:31 GMT" skipped="0" hostname="anita-X550LD" errors="0">
  <testcase name="restaurantsSmokeTest" time="8.629" classname="com.restaurants.smoke.Tests"/>
  <testcase name="restaurantsSmokeTest" time="9.485" classname="com.restaurants.smoke.Tests"/>
</testsuite> <!-- com.restaurants.smoke.Tests -->
