<?xml version="1.0" encoding="UTF-8"?>
<!-- Generated by org.testng.reporters.JUnitReportReporter -->
<testsuite name="com.restaurants.smoke.Tests" tests="2" time="0.102" ignored="0" failures="0" timestamp="22 Mar 2017 09:33:17 GMT" skipped="0" hostname="anita-X550LD" errors="0">
  <testcase name="restaurantsSmokeTest" time="0.092" classname="com.restaurants.smoke.Tests"/>
  <testcase name="restaurantsSmokeTest" time="0.010" classname="com.restaurants.smoke.Tests"/>
</testsuite> <!-- com.restaurants.smoke.Tests -->
