<?xml version="1.0" encoding="UTF-8"?>
<!-- Generated by org.testng.reporters.JUnitReportReporter -->
<testsuite name="com.restaurants.smoke.Tests" tests="2" time="9.274" ignored="0" failures="0" timestamp="24 Mar 2017 15:06:58 GMT" skipped="0" hostname="anita-X550LD" errors="0">
  <testcase name="restaurantsSmokeTest" time="4.616" classname="com.restaurants.smoke.Tests"/>
  <testcase name="restaurantsSmokeTest" time="4.658" classname="com.restaurants.smoke.Tests"/>
</testsuite> <!-- com.restaurants.smoke.Tests -->
