<?xml version="1.0" encoding="UTF-8"?>
<!-- Generated by org.testng.reporters.JUnitReportReporter -->
<testsuite name="com.restaurants.smoke.Tests" tests="2" time="27.535" ignored="0" failures="0" timestamp="19 Mar 2017 16:01:11 GMT" skipped="0" hostname="anita-X550LD" errors="0">
  <testcase name="restaurantsSmokeTest" time="14.275" classname="com.restaurants.smoke.Tests"/>
  <testcase name="restaurantsSmokeTest" time="13.260" classname="com.restaurants.smoke.Tests"/>
</testsuite> <!-- com.restaurants.smoke.Tests -->
