<?xml version="1.0" encoding="UTF-8"?>
<!-- Generated by org.testng.reporters.JUnitReportReporter -->
<testsuite name="com.restaurants.smoke.Tests" tests="2" time="28.923" ignored="0" failures="0" timestamp="23 Mar 2017 14:11:44 GMT" skipped="0" hostname="anita-X550LD" errors="0">
  <testcase name="restaurantsSmokeTest" time="13.862" classname="com.restaurants.smoke.Tests"/>
  <testcase name="restaurantsSmokeTest" time="15.061" classname="com.restaurants.smoke.Tests"/>
</testsuite> <!-- com.restaurants.smoke.Tests -->
