<?xml version="1.0" encoding="UTF-8"?>
<!-- Generated by org.testng.reporters.JUnitReportReporter -->
<testsuite name="com.restaurants.smoke.Tests" tests="2" time="26.025" ignored="0" failures="0" timestamp="14 Mar 2017 20:10:44 GMT" skipped="0" hostname="anita-X550LD" errors="0">
  <testcase name="restaurantsSmokeTest" time="12.874" classname="com.restaurants.smoke.Tests"/>
  <testcase name="restaurantsSmokeTest" time="13.151" classname="com.restaurants.smoke.Tests"/>
</testsuite> <!-- com.restaurants.smoke.Tests -->
