<?xml version="1.0" encoding="UTF-8"?>
<!-- Generated by org.testng.reporters.JUnitReportReporter -->
<testsuite name="com.restaurants.smoke.Tests" tests="2" time="0.024" ignored="0" failures="0" timestamp="21 Mar 2017 14:56:01 GMT" skipped="0" hostname="anita-X550LD" errors="0">
  <testcase name="restaurantsSmokeTest" time="0.022" classname="com.restaurants.smoke.Tests"/>
  <testcase name="restaurantsSmokeTest" time="0.002" classname="com.restaurants.smoke.Tests"/>
</testsuite> <!-- com.restaurants.smoke.Tests -->
