<?xml version="1.0" encoding="UTF-8"?>
<!-- Generated by org.testng.reporters.JUnitReportReporter -->
<testsuite name="com.restaurants.smoke.Tests" tests="2" time="27.435" ignored="0" failures="0" timestamp="14 Mar 2017 19:29:54 GMT" skipped="0" hostname="anita-X550LD" errors="0">
  <testcase name="restaurantsSmokeTest" time="13.046" classname="com.restaurants.smoke.Tests"/>
  <testcase name="restaurantsSmokeTest" time="14.389" classname="com.restaurants.smoke.Tests"/>
</testsuite> <!-- com.restaurants.smoke.Tests -->
