<?xml version="1.0" encoding="UTF-8"?>
<!-- Generated by org.testng.reporters.JUnitReportReporter -->
<testsuite name="com.restaurants.smoke.Tests" tests="2" time="30.572" ignored="0" failures="0" timestamp="17 Mar 2017 14:06:16 GMT" skipped="0" hostname="anita-X550LD" errors="0">
  <testcase name="restaurantsSmokeTest" time="12.924" classname="com.restaurants.smoke.Tests"/>
  <testcase name="restaurantsSmokeTest" time="17.648" classname="com.restaurants.smoke.Tests"/>
</testsuite> <!-- com.restaurants.smoke.Tests -->
